Connecting to database specified by database.yml
Connecting to database specified by database.yml
Connecting to database specified by database.yml
  [1m[36m (317.2ms)[0m  [1mDROP DATABASE IF EXISTS "JobSearch_development"[0m
  [1m[35m (115.6ms)[0m  DROP DATABASE IF EXISTS "JobSearch_test"
  [1m[36m (449.5ms)[0m  [1mCREATE DATABASE "JobSearch_development" ENCODING = 'unicode'[0m
  [1m[35m (234.8ms)[0m  CREATE DATABASE "JobSearch_test" ENCODING = 'unicode'
Connecting to database specified by database.yml
  [1m[36m (4.3ms)[0m  [1mCREATE TABLE "schema_migrations" ("version" character varying(255) NOT NULL) [0m
  [1m[35m (2.9ms)[0m  CREATE UNIQUE INDEX "unique_schema_migrations" ON "schema_migrations" ("version")
  [1m[36m (0.6ms)[0m  [1mSELECT "schema_migrations"."version" FROM "schema_migrations" [0m
Migrating to CreateUsersTable (20140204225957)
  [1m[35m (0.1ms)[0m  BEGIN
  [1m[36m (0.1ms)[0m  [1mROLLBACK[0m
Connecting to database specified by database.yml
  [1m[36m (0.4ms)[0m  [1mSELECT "schema_migrations"."version" FROM "schema_migrations" [0m
Migrating to CreateUsersTable (20140204225957)
  [1m[35m (0.1ms)[0m  BEGIN
  [1m[36m (0.2ms)[0m  [1mROLLBACK[0m
Connecting to database specified by database.yml
  [1m[36m (0.4ms)[0m  [1mSELECT "schema_migrations"."version" FROM "schema_migrations" [0m
Migrating to CreateUsersTable (20140204225957)
  [1m[35m (0.1ms)[0m  BEGIN
  [1m[36m (0.1ms)[0m  [1mROLLBACK[0m
Connecting to database specified by database.yml
  [1m[36m (0.4ms)[0m  [1mSELECT "schema_migrations"."version" FROM "schema_migrations" [0m
Migrating to CreateUsersTable (20140204225957)
  [1m[35m (0.2ms)[0m  BEGIN
  [1m[36m (0.1ms)[0m  [1mROLLBACK[0m
Connecting to database specified by database.yml
  [1m[36m (0.4ms)[0m  [1mSELECT "schema_migrations"."version" FROM "schema_migrations" [0m
Migrating to CreateUsersTable (20140204225957)
  [1m[35m (0.1ms)[0m  BEGIN
  [1m[36m (7.3ms)[0m  [1mCREATE TABLE "users" ("id" serial primary key, "username" character varying(255), "email" character varying(255), "first_name" character varying(255), "last_name" character varying(255), "password_digest" character varying(255)) [0m
  [1m[35m (0.6ms)[0m  INSERT INTO "schema_migrations" ("version") VALUES ('20140204225957')
  [1m[36m (0.6ms)[0m  [1mCOMMIT[0m
  [1m[35m (0.3ms)[0m  SELECT "schema_migrations"."version" FROM "schema_migrations" 
Connecting to database specified by database.yml
  [1m[36m (0.5ms)[0m  [1mSELECT "schema_migrations"."version" FROM "schema_migrations" [0m
  [1m[35m (118.4ms)[0m  DROP DATABASE IF EXISTS "JobSearch_test"
  [1m[36m (239.0ms)[0m  [1mCREATE DATABASE "JobSearch_test" ENCODING = 'unicode'[0m
  [1m[35m (9.0ms)[0m  CREATE TABLE "users" ("id" serial primary key, "username" character varying(255), "email" character varying(255), "first_name" character varying(255), "last_name" character varying(255), "password_digest" character varying(255)) 
  [1m[36m (1.4ms)[0m  [1mCREATE TABLE "schema_migrations" ("version" character varying(255) NOT NULL) [0m
  [1m[35m (1.7ms)[0m  CREATE UNIQUE INDEX "unique_schema_migrations" ON "schema_migrations" ("version")
  [1m[36m (0.4ms)[0m  [1mSELECT version FROM "schema_migrations"[0m
  [1m[35m (0.8ms)[0m  INSERT INTO "schema_migrations" (version) VALUES ('20140204225957')
Connecting to database specified by database.yml
  [1m[36m (0.4ms)[0m  [1mSELECT "schema_migrations"."version" FROM "schema_migrations" [0m
  [1m[35m (314.1ms)[0m  DROP DATABASE IF EXISTS "JobSearch_test"
  [1m[36m (240.6ms)[0m  [1mCREATE DATABASE "JobSearch_test" ENCODING = 'unicode'[0m
  [1m[35m (8.2ms)[0m  CREATE TABLE "users" ("id" serial primary key, "username" character varying(255), "email" character varying(255), "first_name" character varying(255), "last_name" character varying(255), "password_digest" character varying(255)) 
  [1m[36m (1.1ms)[0m  [1mCREATE TABLE "schema_migrations" ("version" character varying(255) NOT NULL) [0m
  [1m[35m (1.7ms)[0m  CREATE UNIQUE INDEX "unique_schema_migrations" ON "schema_migrations" ("version")
  [1m[36m (0.8ms)[0m  [1mSELECT version FROM "schema_migrations"[0m
  [1m[35m (0.8ms)[0m  INSERT INTO "schema_migrations" (version) VALUES ('20140204225957')
Connecting to database specified by database.yml
  [1m[36m (0.5ms)[0m  [1mSELECT "schema_migrations"."version" FROM "schema_migrations" [0m
  [1m[35m (111.9ms)[0m  DROP DATABASE IF EXISTS "JobSearch_test"
  [1m[36m (234.8ms)[0m  [1mCREATE DATABASE "JobSearch_test" ENCODING = 'unicode'[0m
  [1m[35m (8.4ms)[0m  CREATE TABLE "users" ("id" serial primary key, "username" character varying(255), "email" character varying(255), "first_name" character varying(255), "last_name" character varying(255), "password_digest" character varying(255)) 
  [1m[36m (1.2ms)[0m  [1mCREATE TABLE "schema_migrations" ("version" character varying(255) NOT NULL) [0m
  [1m[35m (1.7ms)[0m  CREATE UNIQUE INDEX "unique_schema_migrations" ON "schema_migrations" ("version")
  [1m[36m (0.4ms)[0m  [1mSELECT version FROM "schema_migrations"[0m
  [1m[35m (0.6ms)[0m  INSERT INTO "schema_migrations" (version) VALUES ('20140204225957')


Started GET "/assets/rails.png" for 127.0.0.1 at 2014-02-04 16:09:35 -0800
Connecting to database specified by database.yml
Served asset /rails.png - 200 OK (5ms)


Started GET "/users/new" for 127.0.0.1 at 2014-02-04 16:09:40 -0800
Processing by UsersController#new as HTML
ERROR: compiling _app_views_users_new_erb__2499867676278352730_70358108361040 RAISED /Users/Louie/Documents/Programming/JobSearch/app/views/users/new.erb:10: syntax error, unexpected keyword_end
');@output_buffer.append= ( end );@output_buffer.to_s
                               ^
/Users/Louie/Documents/Programming/JobSearch/app/views/users/new.erb:11: syntax error, unexpected keyword_ensure, expecting ')'
/Users/Louie/Documents/Programming/JobSearch/app/views/users/new.erb:13: syntax error, unexpected keyword_end, expecting ')'
Function body:           def _app_views_users_new_erb__2499867676278352730_70358108361040(local_assigns, output_buffer)
            _old_virtual_path, @virtual_path = @virtual_path, "users/new";_old_output_buffer = @output_buffer;;@output_buffer = output_buffer || ActionView::OutputBuffer.new;@output_buffer.append=  form_for @user do |f| @output_buffer.safe_concat('
');@output_buffer.safe_concat('
Username: ');@output_buffer.append= ( f.text_field :username );@output_buffer.safe_concat('
');@output_buffer.safe_concat('Email: ');@output_buffer.append= ( f.text_field :email );@output_buffer.safe_concat('
');@output_buffer.safe_concat('First name: ');@output_buffer.append= ( f.text_field :first_name );@output_buffer.safe_concat('
');@output_buffer.safe_concat('Last name: ');@output_buffer.append= ( f.text_field :last_name );@output_buffer.safe_concat('
');@output_buffer.safe_concat('Password: ');@output_buffer.append= ( f.password :password );@output_buffer.safe_concat('
');@output_buffer.append= ( f.submit );@output_buffer.safe_concat('
');@output_buffer.safe_concat('
');@output_buffer.append= ( end );@output_buffer.to_s
          ensure
            @virtual_path, @output_buffer = _old_virtual_path, _old_output_buffer
          end

Backtrace: /Users/Louie/.rvm/gems/ruby-2.0.0-p247/gems/actionpack-3.2.16/lib/action_view/template.rb:297:in `module_eval'
/Users/Louie/.rvm/gems/ruby-2.0.0-p247/gems/actionpack-3.2.16/lib/action_view/template.rb:297:in `compile'
/Users/Louie/.rvm/gems/ruby-2.0.0-p247/gems/actionpack-3.2.16/lib/action_view/template.rb:244:in `block in compile!'
/Users/Louie/.rvm/gems/ruby-2.0.0-p247/gems/actionpack-3.2.16/lib/action_view/template.rb:232:in `synchronize'
/Users/Louie/.rvm/gems/ruby-2.0.0-p247/gems/actionpack-3.2.16/lib/action_view/template.rb:232:in `compile!'
/Users/Louie/.rvm/gems/ruby-2.0.0-p247/gems/actionpack-3.2.16/lib/action_view/template.rb:144:in `block in render'
/Users/Louie/.rvm/gems/ruby-2.0.0-p247/gems/activesupport-3.2.16/lib/active_support/notifications.rb:125:in `instrument'
/Users/Louie/.rvm/gems/ruby-2.0.0-p247/gems/actionpack-3.2.16/lib/action_view/template.rb:143:in `render'
/Users/Louie/.rvm/gems/ruby-2.0.0-p247/gems/actionpack-3.2.16/lib/action_view/renderer/template_renderer.rb:47:in `block (2 levels) in render_template'
/Users/Louie/.rvm/gems/ruby-2.0.0-p247/gems/actionpack-3.2.16/lib/action_view/renderer/abstract_renderer.rb:38:in `block in instrument'
/Users/Louie/.rvm/gems/ruby-2.0.0-p247/gems/activesupport-3.2.16/lib/active_support/notifications.rb:123:in `block in instrument'
/Users/Louie/.rvm/gems/ruby-2.0.0-p247/gems/activesupport-3.2.16/lib/active_support/notifications/instrumenter.rb:20:in `instrument'
/Users/Louie/.rvm/gems/ruby-2.0.0-p247/gems/activesupport-3.2.16/lib/active_support/notifications.rb:123:in `instrument'
/Users/Louie/.rvm/gems/ruby-2.0.0-p247/gems/actionpack-3.2.16/lib/action_view/renderer/abstract_renderer.rb:38:in `instrument'
/Users/Louie/.rvm/gems/ruby-2.0.0-p247/gems/actionpack-3.2.16/lib/action_view/renderer/template_renderer.rb:46:in `block in render_template'
/Users/Louie/.rvm/gems/ruby-2.0.0-p247/gems/actionpack-3.2.16/lib/action_view/renderer/template_renderer.rb:54:in `render_with_layout'
/Users/Louie/.rvm/gems/ruby-2.0.0-p247/gems/actionpack-3.2.16/lib/action_view/renderer/template_renderer.rb:45:in `render_template'
/Users/Louie/.rvm/gems/ruby-2.0.0-p247/gems/actionpack-3.2.16/lib/action_view/renderer/template_renderer.rb:18:in `render'
/Users/Louie/.rvm/gems/ruby-2.0.0-p247/gems/actionpack-3.2.16/lib/action_view/renderer/renderer.rb:36:in `render_template'
/Users/Louie/.rvm/gems/ruby-2.0.0-p247/gems/actionpack-3.2.16/lib/action_view/renderer/renderer.rb:17:in `render'
/Users/Louie/.rvm/gems/ruby-2.0.0-p247/gems/actionpack-3.2.16/lib/abstract_controller/rendering.rb:110:in `_render_template'
/Users/Louie/.rvm/gems/ruby-2.0.0-p247/gems/actionpack-3.2.16/lib/action_controller/metal/streaming.rb:225:in `_render_template'
/Users/Louie/.rvm/gems/ruby-2.0.0-p247/gems/actionpack-3.2.16/lib/abstract_controller/rendering.rb:103:in `render_to_body'
/Users/Louie/.rvm/gems/ruby-2.0.0-p247/gems/actionpack-3.2.16/lib/action_controller/metal/renderers.rb:28:in `render_to_body'
/Users/Louie/.rvm/gems/ruby-2.0.0-p247/gems/actionpack-3.2.16/lib/action_controller/metal/compatibility.rb:50:in `render_to_body'
/Users/Louie/.rvm/gems/ruby-2.0.0-p247/gems/actionpack-3.2.16/lib/abstract_controller/rendering.rb:88:in `render'
/Users/Louie/.rvm/gems/ruby-2.0.0-p247/gems/actionpack-3.2.16/lib/action_controller/metal/rendering.rb:16:in `render'
/Users/Louie/.rvm/gems/ruby-2.0.0-p247/gems/actionpack-3.2.16/lib/action_controller/metal/instrumentation.rb:40:in `block (2 levels) in render'
/Users/Louie/.rvm/gems/ruby-2.0.0-p247/gems/activesupport-3.2.16/lib/active_support/core_ext/benchmark.rb:5:in `block in ms'
/Users/Louie/.rvm/rubies/ruby-2.0.0-p247/lib/ruby/2.0.0/benchmark.rb:296:in `realtime'
/Users/Louie/.rvm/gems/ruby-2.0.0-p247/gems/activesupport-3.2.16/lib/active_support/core_ext/benchmark.rb:5:in `ms'
/Users/Louie/.rvm/gems/ruby-2.0.0-p247/gems/actionpack-3.2.16/lib/action_controller/metal/instrumentation.rb:40:in `block in render'
/Users/Louie/.rvm/gems/ruby-2.0.0-p247/gems/actionpack-3.2.16/lib/action_controller/metal/instrumentation.rb:83:in `cleanup_view_runtime'
/Users/Louie/.rvm/gems/ruby-2.0.0-p247/gems/activerecord-3.2.16/lib/active_record/railties/controller_runtime.rb:24:in `cleanup_view_runtime'
/Users/Louie/.rvm/gems/ruby-2.0.0-p247/gems/actionpack-3.2.16/lib/action_controller/metal/instrumentation.rb:39:in `render'
/Users/Louie/.rvm/gems/ruby-2.0.0-p247/gems/actionpack-3.2.16/lib/action_controller/metal/implicit_render.rb:10:in `default_render'
/Users/Louie/.rvm/gems/ruby-2.0.0-p247/gems/actionpack-3.2.16/lib/action_controller/metal/implicit_render.rb:5:in `send_action'
/Users/Louie/.rvm/gems/ruby-2.0.0-p247/gems/actionpack-3.2.16/lib/abstract_controller/base.rb:167:in `process_action'
/Users/Louie/.rvm/gems/ruby-2.0.0-p247/gems/actionpack-3.2.16/lib/action_controller/metal/rendering.rb:10:in `process_action'
/Users/Louie/.rvm/gems/ruby-2.0.0-p247/gems/actionpack-3.2.16/lib/abstract_controller/callbacks.rb:18:in `block in process_action'
/Users/Louie/.rvm/gems/ruby-2.0.0-p247/gems/activesupport-3.2.16/lib/active_support/callbacks.rb:414:in `_run__135766228635321456__process_action__1469006993846093509__callbacks'
/Users/Louie/.rvm/gems/ruby-2.0.0-p247/gems/activesupport-3.2.16/lib/active_support/callbacks.rb:405:in `__run_callback'
/Users/Louie/.rvm/gems/ruby-2.0.0-p247/gems/activesupport-3.2.16/lib/active_support/callbacks.rb:385:in `_run_process_action_callbacks'
/Users/Louie/.rvm/gems/ruby-2.0.0-p247/gems/activesupport-3.2.16/lib/active_support/callbacks.rb:81:in `run_callbacks'
/Users/Louie/.rvm/gems/ruby-2.0.0-p247/gems/actionpack-3.2.16/lib/abstract_controller/callbacks.rb:17:in `process_action'
/Users/Louie/.rvm/gems/ruby-2.0.0-p247/gems/actionpack-3.2.16/lib/action_controller/metal/rescue.rb:29:in `process_action'
/Users/Louie/.rvm/gems/ruby-2.0.0-p247/gems/actionpack-3.2.16/lib/action_controller/metal/instrumentation.rb:30:in `block in process_action'
/Users/Louie/.rvm/gems/ruby-2.0.0-p247/gems/activesupport-3.2.16/lib/active_support/notifications.rb:123:in `block in instrument'
/Users/Louie/.rvm/gems/ruby-2.0.0-p247/gems/activesupport-3.2.16/lib/active_support/notifications/instrumenter.rb:20:in `instrument'
/Users/Louie/.rvm/gems/ruby-2.0.0-p247/gems/activesupport-3.2.16/lib/active_support/notifications.rb:123:in `instrument'
/Users/Louie/.rvm/gems/ruby-2.0.0-p247/gems/actionpack-3.2.16/lib/action_controller/metal/instrumentation.rb:29:in `process_action'
/Users/Louie/.rvm/gems/ruby-2.0.0-p247/gems/actionpack-3.2.16/lib/action_controller/metal/params_wrapper.rb:207:in `process_action'
/Users/Louie/.rvm/gems/ruby-2.0.0-p247/gems/activerecord-3.2.16/lib/active_record/railties/controller_runtime.rb:18:in `process_action'
/Users/Louie/.rvm/gems/ruby-2.0.0-p247/gems/actionpack-3.2.16/lib/abstract_controller/base.rb:121:in `process'
/Users/Louie/.rvm/gems/ruby-2.0.0-p247/gems/actionpack-3.2.16/lib/abstract_controller/rendering.rb:45:in `process'
/Users/Louie/.rvm/gems/ruby-2.0.0-p247/gems/actionpack-3.2.16/lib/action_controller/metal.rb:203:in `dispatch'
/Users/Louie/.rvm/gems/ruby-2.0.0-p247/gems/actionpack-3.2.16/lib/action_controller/metal/rack_delegation.rb:14:in `dispatch'
/Users/Louie/.rvm/gems/ruby-2.0.0-p247/gems/actionpack-3.2.16/lib/action_controller/metal.rb:246:in `block in action'
/Users/Louie/.rvm/gems/ruby-2.0.0-p247/gems/actionpack-3.2.16/lib/action_dispatch/routing/route_set.rb:73:in `call'
/Users/Louie/.rvm/gems/ruby-2.0.0-p247/gems/actionpack-3.2.16/lib/action_dispatch/routing/route_set.rb:73:in `dispatch'
/Users/Louie/.rvm/gems/ruby-2.0.0-p247/gems/actionpack-3.2.16/lib/action_dispatch/routing/route_set.rb:36:in `call'
/Users/Louie/.rvm/gems/ruby-2.0.0-p247/gems/journey-1.0.4/lib/journey/router.rb:68:in `block in call'
/Users/Louie/.rvm/gems/ruby-2.0.0-p247/gems/journey-1.0.4/lib/journey/router.rb:56:in `each'
/Users/Louie/.rvm/gems/ruby-2.0.0-p247/gems/journey-1.0.4/lib/journey/router.rb:56:in `call'
/Users/Louie/.rvm/gems/ruby-2.0.0-p247/gems/actionpack-3.2.16/lib/action_dispatch/routing/route_set.rb:608:in `call'
/Users/Louie/.rvm/gems/ruby-2.0.0-p247/gems/actionpack-3.2.16/lib/action_dispatch/middleware/best_standards_support.rb:17:in `call'
/Users/Louie/.rvm/gems/ruby-2.0.0-p247/gems/rack-1.4.5/lib/rack/etag.rb:23:in `call'
/Users/Louie/.rvm/gems/ruby-2.0.0-p247/gems/rack-1.4.5/lib/rack/conditionalget.rb:25:in `call'
/Users/Louie/.rvm/gems/ruby-2.0.0-p247/gems/actionpack-3.2.16/lib/action_dispatch/middleware/head.rb:14:in `call'
/Users/Louie/.rvm/gems/ruby-2.0.0-p247/gems/actionpack-3.2.16/lib/action_dispatch/middleware/params_parser.rb:21:in `call'
/Users/Louie/.rvm/gems/ruby-2.0.0-p247/gems/actionpack-3.2.16/lib/action_dispatch/middleware/flash.rb:242:in `call'
/Users/Louie/.rvm/gems/ruby-2.0.0-p247/gems/rack-1.4.5/lib/rack/session/abstract/id.rb:210:in `context'
/Users/Louie/.rvm/gems/ruby-2.0.0-p247/gems/rack-1.4.5/lib/rack/session/abstract/id.rb:205:in `call'
/Users/Louie/.rvm/gems/ruby-2.0.0-p247/gems/actionpack-3.2.16/lib/action_dispatch/middleware/cookies.rb:341:in `call'
/Users/Louie/.rvm/gems/ruby-2.0.0-p247/gems/activerecord-3.2.16/lib/active_record/query_cache.rb:64:in `call'
/Users/Louie/.rvm/gems/ruby-2.0.0-p247/gems/activerecord-3.2.16/lib/active_record/connection_adapters/abstract/connection_pool.rb:479:in `call'
/Users/Louie/.rvm/gems/ruby-2.0.0-p247/gems/actionpack-3.2.16/lib/action_dispatch/middleware/callbacks.rb:28:in `block in call'
/Users/Louie/.rvm/gems/ruby-2.0.0-p247/gems/activesupport-3.2.16/lib/active_support/callbacks.rb:405:in `_run__2715931749160887960__call__4314029021716277728__callbacks'
/Users/Louie/.rvm/gems/ruby-2.0.0-p247/gems/activesupport-3.2.16/lib/active_support/callbacks.rb:405:in `__run_callback'
/Users/Louie/.rvm/gems/ruby-2.0.0-p247/gems/activesupport-3.2.16/lib/active_support/callbacks.rb:385:in `_run_call_callbacks'
/Users/Louie/.rvm/gems/ruby-2.0.0-p247/gems/activesupport-3.2.16/lib/active_support/callbacks.rb:81:in `run_callbacks'
/Users/Louie/.rvm/gems/ruby-2.0.0-p247/gems/actionpack-3.2.16/lib/action_dispatch/middleware/callbacks.rb:27:in `call'
/Users/Louie/.rvm/gems/ruby-2.0.0-p247/gems/actionpack-3.2.16/lib/action_dispatch/middleware/reloader.rb:65:in `call'
/Users/Louie/.rvm/gems/ruby-2.0.0-p247/gems/actionpack-3.2.16/lib/action_dispatch/middleware/remote_ip.rb:31:in `call'
/Users/Louie/.rvm/gems/ruby-2.0.0-p247/gems/actionpack-3.2.16/lib/action_dispatch/middleware/debug_exceptions.rb:16:in `call'
/Users/Louie/.rvm/gems/ruby-2.0.0-p247/gems/actionpack-3.2.16/lib/action_dispatch/middleware/show_exceptions.rb:56:in `call'
/Users/Louie/.rvm/gems/ruby-2.0.0-p247/gems/railties-3.2.16/lib/rails/rack/logger.rb:32:in `call_app'
/Users/Louie/.rvm/gems/ruby-2.0.0-p247/gems/railties-3.2.16/lib/rails/rack/logger.rb:16:in `block in call'
/Users/Louie/.rvm/gems/ruby-2.0.0-p247/gems/activesupport-3.2.16/lib/active_support/tagged_logging.rb:22:in `tagged'
/Users/Louie/.rvm/gems/ruby-2.0.0-p247/gems/railties-3.2.16/lib/rails/rack/logger.rb:16:in `call'
/Users/Louie/.rvm/gems/ruby-2.0.0-p247/gems/actionpack-3.2.16/lib/action_dispatch/middleware/request_id.rb:22:in `call'
/Users/Louie/.rvm/gems/ruby-2.0.0-p247/gems/rack-1.4.5/lib/rack/methodoverride.rb:21:in `call'
/Users/Louie/.rvm/gems/ruby-2.0.0-p247/gems/rack-1.4.5/lib/rack/runtime.rb:17:in `call'
/Users/Louie/.rvm/gems/ruby-2.0.0-p247/gems/activesupport-3.2.16/lib/active_support/cache/strategy/local_cache.rb:72:in `call'
/Users/Louie/.rvm/gems/ruby-2.0.0-p247/gems/rack-1.4.5/lib/rack/lock.rb:15:in `call'
/Users/Louie/.rvm/gems/ruby-2.0.0-p247/gems/actionpack-3.2.16/lib/action_dispatch/middleware/static.rb:63:in `call'
/Users/Louie/.rvm/gems/ruby-2.0.0-p247/gems/railties-3.2.16/lib/rails/engine.rb:484:in `call'
/Users/Louie/.rvm/gems/ruby-2.0.0-p247/gems/railties-3.2.16/lib/rails/application.rb:231:in `call'
/Users/Louie/.rvm/gems/ruby-2.0.0-p247/gems/rack-1.4.5/lib/rack/content_length.rb:14:in `call'
/Users/Louie/.rvm/gems/ruby-2.0.0-p247/gems/railties-3.2.16/lib/rails/rack/log_tailer.rb:17:in `call'
/Users/Louie/.rvm/gems/ruby-2.0.0-p247/gems/rack-1.4.5/lib/rack/handler/webrick.rb:59:in `service'
/Users/Louie/.rvm/rubies/ruby-2.0.0-p247/lib/ruby/2.0.0/webrick/httpserver.rb:138:in `service'
/Users/Louie/.rvm/rubies/ruby-2.0.0-p247/lib/ruby/2.0.0/webrick/httpserver.rb:94:in `run'
/Users/Louie/.rvm/rubies/ruby-2.0.0-p247/lib/ruby/2.0.0/webrick/server.rb:295:in `block in start_thread'
  Rendered users/new.erb within layouts/application (2.0ms)
Completed 500 Internal Server Error in 35.2ms

ActionView::Template::Error (/Users/Louie/Documents/Programming/JobSearch/app/views/users/new.erb:10: syntax error, unexpected keyword_end
');@output_buffer.append= ( end );@output_buffer.to_s
                               ^
/Users/Louie/Documents/Programming/JobSearch/app/views/users/new.erb:11: syntax error, unexpected keyword_ensure, expecting ')'
/Users/Louie/Documents/Programming/JobSearch/app/views/users/new.erb:13: syntax error, unexpected keyword_end, expecting ')'):
    7: Password: <%= f.password :password %>
    8: <%= f.submit %>
    9: 
    10: <%= end %>
  actionpack (3.2.16) lib/action_view/template.rb:297:in `module_eval'
  actionpack (3.2.16) lib/action_view/template.rb:297:in `compile'
  actionpack (3.2.16) lib/action_view/template.rb:244:in `block in compile!'
  actionpack (3.2.16) lib/action_view/template.rb:232:in `synchronize'
  actionpack (3.2.16) lib/action_view/template.rb:232:in `compile!'
  actionpack (3.2.16) lib/action_view/template.rb:144:in `block in render'
  activesupport (3.2.16) lib/active_support/notifications.rb:125:in `instrument'
  actionpack (3.2.16) lib/action_view/template.rb:143:in `render'
  actionpack (3.2.16) lib/action_view/renderer/template_renderer.rb:47:in `block (2 levels) in render_template'
  actionpack (3.2.16) lib/action_view/renderer/abstract_renderer.rb:38:in `block in instrument'
  activesupport (3.2.16) lib/active_support/notifications.rb:123:in `block in instrument'
  activesupport (3.2.16) lib/active_support/notifications/instrumenter.rb:20:in `instrument'
  activesupport (3.2.16) lib/active_support/notifications.rb:123:in `instrument'
  actionpack (3.2.16) lib/action_view/renderer/abstract_renderer.rb:38:in `instrument'
  actionpack (3.2.16) lib/action_view/renderer/template_renderer.rb:46:in `block in render_template'
  actionpack (3.2.16) lib/action_view/renderer/template_renderer.rb:54:in `render_with_layout'
  actionpack (3.2.16) lib/action_view/renderer/template_renderer.rb:45:in `render_template'
  actionpack (3.2.16) lib/action_view/renderer/template_renderer.rb:18:in `render'
  actionpack (3.2.16) lib/action_view/renderer/renderer.rb:36:in `render_template'
  actionpack (3.2.16) lib/action_view/renderer/renderer.rb:17:in `render'
  actionpack (3.2.16) lib/abstract_controller/rendering.rb:110:in `_render_template'
  actionpack (3.2.16) lib/action_controller/metal/streaming.rb:225:in `_render_template'
  actionpack (3.2.16) lib/abstract_controller/rendering.rb:103:in `render_to_body'
  actionpack (3.2.16) lib/action_controller/metal/renderers.rb:28:in `render_to_body'
  actionpack (3.2.16) lib/action_controller/metal/compatibility.rb:50:in `render_to_body'
  actionpack (3.2.16) lib/abstract_controller/rendering.rb:88:in `render'
  actionpack (3.2.16) lib/action_controller/metal/rendering.rb:16:in `render'
  actionpack (3.2.16) lib/action_controller/metal/instrumentation.rb:40:in `block (2 levels) in render'
  activesupport (3.2.16) lib/active_support/core_ext/benchmark.rb:5:in `block in ms'
  /Users/Louie/.rvm/rubies/ruby-2.0.0-p247/lib/ruby/2.0.0/benchmark.rb:296:in `realtime'
  activesupport (3.2.16) lib/active_support/core_ext/benchmark.rb:5:in `ms'
  actionpack (3.2.16) lib/action_controller/metal/instrumentation.rb:40:in `block in render'
  actionpack (3.2.16) lib/action_controller/metal/instrumentation.rb:83:in `cleanup_view_runtime'
  activerecord (3.2.16) lib/active_record/railties/controller_runtime.rb:24:in `cleanup_view_runtime'
  actionpack (3.2.16) lib/action_controller/metal/instrumentation.rb:39:in `render'
  actionpack (3.2.16) lib/action_controller/metal/implicit_render.rb:10:in `default_render'
  actionpack (3.2.16) lib/action_controller/metal/implicit_render.rb:5:in `send_action'
  actionpack (3.2.16) lib/abstract_controller/base.rb:167:in `process_action'
  actionpack (3.2.16) lib/action_controller/metal/rendering.rb:10:in `process_action'
  actionpack (3.2.16) lib/abstract_controller/callbacks.rb:18:in `block in process_action'
  activesupport (3.2.16) lib/active_support/callbacks.rb:414:in `_run__135766228635321456__process_action__1469006993846093509__callbacks'
  activesupport (3.2.16) lib/active_support/callbacks.rb:405:in `__run_callback'
  activesupport (3.2.16) lib/active_support/callbacks.rb:385:in `_run_process_action_callbacks'
  activesupport (3.2.16) lib/active_support/callbacks.rb:81:in `run_callbacks'
  actionpack (3.2.16) lib/abstract_controller/callbacks.rb:17:in `process_action'
  actionpack (3.2.16) lib/action_controller/metal/rescue.rb:29:in `process_action'
  actionpack (3.2.16) lib/action_controller/metal/instrumentation.rb:30:in `block in process_action'
  activesupport (3.2.16) lib/active_support/notifications.rb:123:in `block in instrument'
  activesupport (3.2.16) lib/active_support/notifications/instrumenter.rb:20:in `instrument'
  activesupport (3.2.16) lib/active_support/notifications.rb:123:in `instrument'
  actionpack (3.2.16) lib/action_controller/metal/instrumentation.rb:29:in `process_action'
  actionpack (3.2.16) lib/action_controller/metal/params_wrapper.rb:207:in `process_action'
  activerecord (3.2.16) lib/active_record/railties/controller_runtime.rb:18:in `process_action'
  actionpack (3.2.16) lib/abstract_controller/base.rb:121:in `process'
  actionpack (3.2.16) lib/abstract_controller/rendering.rb:45:in `process'
  actionpack (3.2.16) lib/action_controller/metal.rb:203:in `dispatch'
  actionpack (3.2.16) lib/action_controller/metal/rack_delegation.rb:14:in `dispatch'
  actionpack (3.2.16) lib/action_controller/metal.rb:246:in `block in action'
  actionpack (3.2.16) lib/action_dispatch/routing/route_set.rb:73:in `call'
  actionpack (3.2.16) lib/action_dispatch/routing/route_set.rb:73:in `dispatch'
  actionpack (3.2.16) lib/action_dispatch/routing/route_set.rb:36:in `call'
  journey (1.0.4) lib/journey/router.rb:68:in `block in call'
  journey (1.0.4) lib/journey/router.rb:56:in `each'
  journey (1.0.4) lib/journey/router.rb:56:in `call'
  actionpack (3.2.16) lib/action_dispatch/routing/route_set.rb:608:in `call'
  actionpack (3.2.16) lib/action_dispatch/middleware/best_standards_support.rb:17:in `call'
  rack (1.4.5) lib/rack/etag.rb:23:in `call'
  rack (1.4.5) lib/rack/conditionalget.rb:25:in `call'
  actionpack (3.2.16) lib/action_dispatch/middleware/head.rb:14:in `call'
  actionpack (3.2.16) lib/action_dispatch/middleware/params_parser.rb:21:in `call'
  actionpack (3.2.16) lib/action_dispatch/middleware/flash.rb:242:in `call'
  rack (1.4.5) lib/rack/session/abstract/id.rb:210:in `context'
  rack (1.4.5) lib/rack/session/abstract/id.rb:205:in `call'
  actionpack (3.2.16) lib/action_dispatch/middleware/cookies.rb:341:in `call'
  activerecord (3.2.16) lib/active_record/query_cache.rb:64:in `call'
  activerecord (3.2.16) lib/active_record/connection_adapters/abstract/connection_pool.rb:479:in `call'
  actionpack (3.2.16) lib/action_dispatch/middleware/callbacks.rb:28:in `block in call'
  activesupport (3.2.16) lib/active_support/callbacks.rb:405:in `_run__2715931749160887960__call__4314029021716277728__callbacks'
  activesupport (3.2.16) lib/active_support/callbacks.rb:405:in `__run_callback'
  activesupport (3.2.16) lib/active_support/callbacks.rb:385:in `_run_call_callbacks'
  activesupport (3.2.16) lib/active_support/callbacks.rb:81:in `run_callbacks'
  actionpack (3.2.16) lib/action_dispatch/middleware/callbacks.rb:27:in `call'
  actionpack (3.2.16) lib/action_dispatch/middleware/reloader.rb:65:in `call'
  actionpack (3.2.16) lib/action_dispatch/middleware/remote_ip.rb:31:in `call'
  actionpack (3.2.16) lib/action_dispatch/middleware/debug_exceptions.rb:16:in `call'
  actionpack (3.2.16) lib/action_dispatch/middleware/show_exceptions.rb:56:in `call'
  railties (3.2.16) lib/rails/rack/logger.rb:32:in `call_app'
  railties (3.2.16) lib/rails/rack/logger.rb:16:in `block in call'
  activesupport (3.2.16) lib/active_support/tagged_logging.rb:22:in `tagged'
  railties (3.2.16) lib/rails/rack/logger.rb:16:in `call'
  actionpack (3.2.16) lib/action_dispatch/middleware/request_id.rb:22:in `call'
  rack (1.4.5) lib/rack/methodoverride.rb:21:in `call'
  rack (1.4.5) lib/rack/runtime.rb:17:in `call'
  activesupport (3.2.16) lib/active_support/cache/strategy/local_cache.rb:72:in `call'
  rack (1.4.5) lib/rack/lock.rb:15:in `call'
  actionpack (3.2.16) lib/action_dispatch/middleware/static.rb:63:in `call'
  railties (3.2.16) lib/rails/engine.rb:484:in `call'
  railties (3.2.16) lib/rails/application.rb:231:in `call'
  rack (1.4.5) lib/rack/content_length.rb:14:in `call'
  railties (3.2.16) lib/rails/rack/log_tailer.rb:17:in `call'
  rack (1.4.5) lib/rack/handler/webrick.rb:59:in `service'
  /Users/Louie/.rvm/rubies/ruby-2.0.0-p247/lib/ruby/2.0.0/webrick/httpserver.rb:138:in `service'
  /Users/Louie/.rvm/rubies/ruby-2.0.0-p247/lib/ruby/2.0.0/webrick/httpserver.rb:94:in `run'
  /Users/Louie/.rvm/rubies/ruby-2.0.0-p247/lib/ruby/2.0.0/webrick/server.rb:295:in `block in start_thread'


  Rendered /Users/Louie/.rvm/gems/ruby-2.0.0-p247/gems/actionpack-3.2.16/lib/action_dispatch/middleware/templates/rescues/_trace.erb (1.4ms)
  Rendered /Users/Louie/.rvm/gems/ruby-2.0.0-p247/gems/actionpack-3.2.16/lib/action_dispatch/middleware/templates/rescues/_request_and_response.erb (1.1ms)
  Rendered /Users/Louie/.rvm/gems/ruby-2.0.0-p247/gems/actionpack-3.2.16/lib/action_dispatch/middleware/templates/rescues/template_error.erb within rescues/layout (14.0ms)


Started GET "/user/new" for 127.0.0.1 at 2014-02-04 16:09:48 -0800

ActionController::RoutingError (No route matches [GET] "/user/new"):
  actionpack (3.2.16) lib/action_dispatch/middleware/debug_exceptions.rb:21:in `call'
  actionpack (3.2.16) lib/action_dispatch/middleware/show_exceptions.rb:56:in `call'
  railties (3.2.16) lib/rails/rack/logger.rb:32:in `call_app'
  railties (3.2.16) lib/rails/rack/logger.rb:16:in `block in call'
  activesupport (3.2.16) lib/active_support/tagged_logging.rb:22:in `tagged'
  railties (3.2.16) lib/rails/rack/logger.rb:16:in `call'
  actionpack (3.2.16) lib/action_dispatch/middleware/request_id.rb:22:in `call'
  rack (1.4.5) lib/rack/methodoverride.rb:21:in `call'
  rack (1.4.5) lib/rack/runtime.rb:17:in `call'
  activesupport (3.2.16) lib/active_support/cache/strategy/local_cache.rb:72:in `call'
  rack (1.4.5) lib/rack/lock.rb:15:in `call'
  actionpack (3.2.16) lib/action_dispatch/middleware/static.rb:63:in `call'
  railties (3.2.16) lib/rails/engine.rb:484:in `call'
  railties (3.2.16) lib/rails/application.rb:231:in `call'
  rack (1.4.5) lib/rack/content_length.rb:14:in `call'
  railties (3.2.16) lib/rails/rack/log_tailer.rb:17:in `call'
  rack (1.4.5) lib/rack/handler/webrick.rb:59:in `service'
  /Users/Louie/.rvm/rubies/ruby-2.0.0-p247/lib/ruby/2.0.0/webrick/httpserver.rb:138:in `service'
  /Users/Louie/.rvm/rubies/ruby-2.0.0-p247/lib/ruby/2.0.0/webrick/httpserver.rb:94:in `run'
  /Users/Louie/.rvm/rubies/ruby-2.0.0-p247/lib/ruby/2.0.0/webrick/server.rb:295:in `block in start_thread'


  Rendered /Users/Louie/.rvm/gems/ruby-2.0.0-p247/gems/actionpack-3.2.16/lib/action_dispatch/middleware/templates/rescues/routing_error.erb within rescues/layout (0.7ms)
Connecting to database specified by database.yml


Started GET "/users/new" for 127.0.0.1 at 2014-02-04 16:10:26 -0800
Processing by UsersController#new as HTML
ERROR: compiling _app_views_users_new_erb__2499867676278352730_70358108361040 RAISED /Users/Louie/Documents/Programming/JobSearch/app/views/users/new.erb:10: syntax error, unexpected keyword_end
');@output_buffer.append= ( end );@output_buffer.to_s
                               ^
/Users/Louie/Documents/Programming/JobSearch/app/views/users/new.erb:11: syntax error, unexpected keyword_ensure, expecting ')'
/Users/Louie/Documents/Programming/JobSearch/app/views/users/new.erb:13: syntax error, unexpected keyword_end, expecting ')'
Function body:           def _app_views_users_new_erb__2499867676278352730_70358108361040(local_assigns, output_buffer)
            _old_virtual_path, @virtual_path = @virtual_path, "users/new";_old_output_buffer = @output_buffer;;@output_buffer = output_buffer || ActionView::OutputBuffer.new;@output_buffer.append=  form_for @user do |f| @output_buffer.safe_concat('
');@output_buffer.safe_concat('
Username: ');@output_buffer.append= ( f.text_field :username );@output_buffer.safe_concat('
');@output_buffer.safe_concat('Email: ');@output_buffer.append= ( f.text_field :email );@output_buffer.safe_concat('
');@output_buffer.safe_concat('First name: ');@output_buffer.append= ( f.text_field :first_name );@output_buffer.safe_concat('
');@output_buffer.safe_concat('Last name: ');@output_buffer.append= ( f.text_field :last_name );@output_buffer.safe_concat('
');@output_buffer.safe_concat('Password: ');@output_buffer.append= ( f.password :password );@output_buffer.safe_concat('
');@output_buffer.append= ( f.submit );@output_buffer.safe_concat('
');@output_buffer.safe_concat('
');@output_buffer.append= ( end );@output_buffer.to_s
          ensure
            @virtual_path, @output_buffer = _old_virtual_path, _old_output_buffer
          end

Backtrace: /Users/Louie/.rvm/gems/ruby-2.0.0-p247/gems/actionpack-3.2.16/lib/action_view/template.rb:297:in `module_eval'
/Users/Louie/.rvm/gems/ruby-2.0.0-p247/gems/actionpack-3.2.16/lib/action_view/template.rb:297:in `compile'
/Users/Louie/.rvm/gems/ruby-2.0.0-p247/gems/actionpack-3.2.16/lib/action_view/template.rb:244:in `block in compile!'
/Users/Louie/.rvm/gems/ruby-2.0.0-p247/gems/actionpack-3.2.16/lib/action_view/template.rb:232:in `synchronize'
/Users/Louie/.rvm/gems/ruby-2.0.0-p247/gems/actionpack-3.2.16/lib/action_view/template.rb:232:in `compile!'
/Users/Louie/.rvm/gems/ruby-2.0.0-p247/gems/actionpack-3.2.16/lib/action_view/template.rb:144:in `block in render'
/Users/Louie/.rvm/gems/ruby-2.0.0-p247/gems/activesupport-3.2.16/lib/active_support/notifications.rb:125:in `instrument'
/Users/Louie/.rvm/gems/ruby-2.0.0-p247/gems/actionpack-3.2.16/lib/action_view/template.rb:143:in `render'
/Users/Louie/.rvm/gems/ruby-2.0.0-p247/gems/actionpack-3.2.16/lib/action_view/renderer/template_renderer.rb:47:in `block (2 levels) in render_template'
/Users/Louie/.rvm/gems/ruby-2.0.0-p247/gems/actionpack-3.2.16/lib/action_view/renderer/abstract_renderer.rb:38:in `block in instrument'
/Users/Louie/.rvm/gems/ruby-2.0.0-p247/gems/activesupport-3.2.16/lib/active_support/notifications.rb:123:in `block in instrument'
/Users/Louie/.rvm/gems/ruby-2.0.0-p247/gems/activesupport-3.2.16/lib/active_support/notifications/instrumenter.rb:20:in `instrument'
/Users/Louie/.rvm/gems/ruby-2.0.0-p247/gems/activesupport-3.2.16/lib/active_support/notifications.rb:123:in `instrument'
/Users/Louie/.rvm/gems/ruby-2.0.0-p247/gems/actionpack-3.2.16/lib/action_view/renderer/abstract_renderer.rb:38:in `instrument'
/Users/Louie/.rvm/gems/ruby-2.0.0-p247/gems/actionpack-3.2.16/lib/action_view/renderer/template_renderer.rb:46:in `block in render_template'
/Users/Louie/.rvm/gems/ruby-2.0.0-p247/gems/actionpack-3.2.16/lib/action_view/renderer/template_renderer.rb:54:in `render_with_layout'
/Users/Louie/.rvm/gems/ruby-2.0.0-p247/gems/actionpack-3.2.16/lib/action_view/renderer/template_renderer.rb:45:in `render_template'
/Users/Louie/.rvm/gems/ruby-2.0.0-p247/gems/actionpack-3.2.16/lib/action_view/renderer/template_renderer.rb:18:in `render'
/Users/Louie/.rvm/gems/ruby-2.0.0-p247/gems/actionpack-3.2.16/lib/action_view/renderer/renderer.rb:36:in `render_template'
/Users/Louie/.rvm/gems/ruby-2.0.0-p247/gems/actionpack-3.2.16/lib/action_view/renderer/renderer.rb:17:in `render'
/Users/Louie/.rvm/gems/ruby-2.0.0-p247/gems/actionpack-3.2.16/lib/abstract_controller/rendering.rb:110:in `_render_template'
/Users/Louie/.rvm/gems/ruby-2.0.0-p247/gems/actionpack-3.2.16/lib/action_controller/metal/streaming.rb:225:in `_render_template'
/Users/Louie/.rvm/gems/ruby-2.0.0-p247/gems/actionpack-3.2.16/lib/abstract_controller/rendering.rb:103:in `render_to_body'
/Users/Louie/.rvm/gems/ruby-2.0.0-p247/gems/actionpack-3.2.16/lib/action_controller/metal/renderers.rb:28:in `render_to_body'
/Users/Louie/.rvm/gems/ruby-2.0.0-p247/gems/actionpack-3.2.16/lib/action_controller/metal/compatibility.rb:50:in `render_to_body'
/Users/Louie/.rvm/gems/ruby-2.0.0-p247/gems/actionpack-3.2.16/lib/abstract_controller/rendering.rb:88:in `render'
/Users/Louie/.rvm/gems/ruby-2.0.0-p247/gems/actionpack-3.2.16/lib/action_controller/metal/rendering.rb:16:in `render'
/Users/Louie/.rvm/gems/ruby-2.0.0-p247/gems/actionpack-3.2.16/lib/action_controller/metal/instrumentation.rb:40:in `block (2 levels) in render'
/Users/Louie/.rvm/gems/ruby-2.0.0-p247/gems/activesupport-3.2.16/lib/active_support/core_ext/benchmark.rb:5:in `block in ms'
/Users/Louie/.rvm/rubies/ruby-2.0.0-p247/lib/ruby/2.0.0/benchmark.rb:296:in `realtime'
/Users/Louie/.rvm/gems/ruby-2.0.0-p247/gems/activesupport-3.2.16/lib/active_support/core_ext/benchmark.rb:5:in `ms'
/Users/Louie/.rvm/gems/ruby-2.0.0-p247/gems/actionpack-3.2.16/lib/action_controller/metal/instrumentation.rb:40:in `block in render'
/Users/Louie/.rvm/gems/ruby-2.0.0-p247/gems/actionpack-3.2.16/lib/action_controller/metal/instrumentation.rb:83:in `cleanup_view_runtime'
/Users/Louie/.rvm/gems/ruby-2.0.0-p247/gems/activerecord-3.2.16/lib/active_record/railties/controller_runtime.rb:24:in `cleanup_view_runtime'
/Users/Louie/.rvm/gems/ruby-2.0.0-p247/gems/actionpack-3.2.16/lib/action_controller/metal/instrumentation.rb:39:in `render'
/Users/Louie/.rvm/gems/ruby-2.0.0-p247/gems/actionpack-3.2.16/lib/action_controller/metal/implicit_render.rb:10:in `default_render'
/Users/Louie/.rvm/gems/ruby-2.0.0-p247/gems/actionpack-3.2.16/lib/action_controller/metal/implicit_render.rb:5:in `send_action'
/Users/Louie/.rvm/gems/ruby-2.0.0-p247/gems/actionpack-3.2.16/lib/abstract_controller/base.rb:167:in `process_action'
/Users/Louie/.rvm/gems/ruby-2.0.0-p247/gems/actionpack-3.2.16/lib/action_controller/metal/rendering.rb:10:in `process_action'
/Users/Louie/.rvm/gems/ruby-2.0.0-p247/gems/actionpack-3.2.16/lib/abstract_controller/callbacks.rb:18:in `block in process_action'
/Users/Louie/.rvm/gems/ruby-2.0.0-p247/gems/activesupport-3.2.16/lib/active_support/callbacks.rb:414:in `_run__135766228635321456__process_action__1469006993846093509__callbacks'
/Users/Louie/.rvm/gems/ruby-2.0.0-p247/gems/activesupport-3.2.16/lib/active_support/callbacks.rb:405:in `__run_callback'
/Users/Louie/.rvm/gems/ruby-2.0.0-p247/gems/activesupport-3.2.16/lib/active_support/callbacks.rb:385:in `_run_process_action_callbacks'
/Users/Louie/.rvm/gems/ruby-2.0.0-p247/gems/activesupport-3.2.16/lib/active_support/callbacks.rb:81:in `run_callbacks'
/Users/Louie/.rvm/gems/ruby-2.0.0-p247/gems/actionpack-3.2.16/lib/abstract_controller/callbacks.rb:17:in `process_action'
/Users/Louie/.rvm/gems/ruby-2.0.0-p247/gems/actionpack-3.2.16/lib/action_controller/metal/rescue.rb:29:in `process_action'
/Users/Louie/.rvm/gems/ruby-2.0.0-p247/gems/actionpack-3.2.16/lib/action_controller/metal/instrumentation.rb:30:in `block in process_action'
/Users/Louie/.rvm/gems/ruby-2.0.0-p247/gems/activesupport-3.2.16/lib/active_support/notifications.rb:123:in `block in instrument'
/Users/Louie/.rvm/gems/ruby-2.0.0-p247/gems/activesupport-3.2.16/lib/active_support/notifications/instrumenter.rb:20:in `instrument'
/Users/Louie/.rvm/gems/ruby-2.0.0-p247/gems/activesupport-3.2.16/lib/active_support/notifications.rb:123:in `instrument'
/Users/Louie/.rvm/gems/ruby-2.0.0-p247/gems/actionpack-3.2.16/lib/action_controller/metal/instrumentation.rb:29:in `process_action'
/Users/Louie/.rvm/gems/ruby-2.0.0-p247/gems/actionpack-3.2.16/lib/action_controller/metal/params_wrapper.rb:207:in `process_action'
/Users/Louie/.rvm/gems/ruby-2.0.0-p247/gems/activerecord-3.2.16/lib/active_record/railties/controller_runtime.rb:18:in `process_action'
/Users/Louie/.rvm/gems/ruby-2.0.0-p247/gems/actionpack-3.2.16/lib/abstract_controller/base.rb:121:in `process'
/Users/Louie/.rvm/gems/ruby-2.0.0-p247/gems/actionpack-3.2.16/lib/abstract_controller/rendering.rb:45:in `process'
/Users/Louie/.rvm/gems/ruby-2.0.0-p247/gems/actionpack-3.2.16/lib/action_controller/metal.rb:203:in `dispatch'
/Users/Louie/.rvm/gems/ruby-2.0.0-p247/gems/actionpack-3.2.16/lib/action_controller/metal/rack_delegation.rb:14:in `dispatch'
/Users/Louie/.rvm/gems/ruby-2.0.0-p247/gems/actionpack-3.2.16/lib/action_controller/metal.rb:246:in `block in action'
/Users/Louie/.rvm/gems/ruby-2.0.0-p247/gems/actionpack-3.2.16/lib/action_dispatch/routing/route_set.rb:73:in `call'
/Users/Louie/.rvm/gems/ruby-2.0.0-p247/gems/actionpack-3.2.16/lib/action_dispatch/routing/route_set.rb:73:in `dispatch'
/Users/Louie/.rvm/gems/ruby-2.0.0-p247/gems/actionpack-3.2.16/lib/action_dispatch/routing/route_set.rb:36:in `call'
/Users/Louie/.rvm/gems/ruby-2.0.0-p247/gems/journey-1.0.4/lib/journey/router.rb:68:in `block in call'
/Users/Louie/.rvm/gems/ruby-2.0.0-p247/gems/journey-1.0.4/lib/journey/router.rb:56:in `each'
/Users/Louie/.rvm/gems/ruby-2.0.0-p247/gems/journey-1.0.4/lib/journey/router.rb:56:in `call'
/Users/Louie/.rvm/gems/ruby-2.0.0-p247/gems/actionpack-3.2.16/lib/action_dispatch/routing/route_set.rb:608:in `call'
/Users/Louie/.rvm/gems/ruby-2.0.0-p247/gems/actionpack-3.2.16/lib/action_dispatch/middleware/best_standards_support.rb:17:in `call'
/Users/Louie/.rvm/gems/ruby-2.0.0-p247/gems/rack-1.4.5/lib/rack/etag.rb:23:in `call'
/Users/Louie/.rvm/gems/ruby-2.0.0-p247/gems/rack-1.4.5/lib/rack/conditionalget.rb:25:in `call'
/Users/Louie/.rvm/gems/ruby-2.0.0-p247/gems/actionpack-3.2.16/lib/action_dispatch/middleware/head.rb:14:in `call'
/Users/Louie/.rvm/gems/ruby-2.0.0-p247/gems/actionpack-3.2.16/lib/action_dispatch/middleware/params_parser.rb:21:in `call'
/Users/Louie/.rvm/gems/ruby-2.0.0-p247/gems/actionpack-3.2.16/lib/action_dispatch/middleware/flash.rb:242:in `call'
/Users/Louie/.rvm/gems/ruby-2.0.0-p247/gems/rack-1.4.5/lib/rack/session/abstract/id.rb:210:in `context'
/Users/Louie/.rvm/gems/ruby-2.0.0-p247/gems/rack-1.4.5/lib/rack/session/abstract/id.rb:205:in `call'
/Users/Louie/.rvm/gems/ruby-2.0.0-p247/gems/actionpack-3.2.16/lib/action_dispatch/middleware/cookies.rb:341:in `call'
/Users/Louie/.rvm/gems/ruby-2.0.0-p247/gems/activerecord-3.2.16/lib/active_record/query_cache.rb:64:in `call'
/Users/Louie/.rvm/gems/ruby-2.0.0-p247/gems/activerecord-3.2.16/lib/active_record/connection_adapters/abstract/connection_pool.rb:479:in `call'
/Users/Louie/.rvm/gems/ruby-2.0.0-p247/gems/actionpack-3.2.16/lib/action_dispatch/middleware/callbacks.rb:28:in `block in call'
/Users/Louie/.rvm/gems/ruby-2.0.0-p247/gems/activesupport-3.2.16/lib/active_support/callbacks.rb:405:in `_run__2715931749160887960__call__4314029021716277728__callbacks'
/Users/Louie/.rvm/gems/ruby-2.0.0-p247/gems/activesupport-3.2.16/lib/active_support/callbacks.rb:405:in `__run_callback'
/Users/Louie/.rvm/gems/ruby-2.0.0-p247/gems/activesupport-3.2.16/lib/active_support/callbacks.rb:385:in `_run_call_callbacks'
/Users/Louie/.rvm/gems/ruby-2.0.0-p247/gems/activesupport-3.2.16/lib/active_support/callbacks.rb:81:in `run_callbacks'
/Users/Louie/.rvm/gems/ruby-2.0.0-p247/gems/actionpack-3.2.16/lib/action_dispatch/middleware/callbacks.rb:27:in `call'
/Users/Louie/.rvm/gems/ruby-2.0.0-p247/gems/actionpack-3.2.16/lib/action_dispatch/middleware/reloader.rb:65:in `call'
/Users/Louie/.rvm/gems/ruby-2.0.0-p247/gems/actionpack-3.2.16/lib/action_dispatch/middleware/remote_ip.rb:31:in `call'
/Users/Louie/.rvm/gems/ruby-2.0.0-p247/gems/actionpack-3.2.16/lib/action_dispatch/middleware/debug_exceptions.rb:16:in `call'
/Users/Louie/.rvm/gems/ruby-2.0.0-p247/gems/actionpack-3.2.16/lib/action_dispatch/middleware/show_exceptions.rb:56:in `call'
/Users/Louie/.rvm/gems/ruby-2.0.0-p247/gems/railties-3.2.16/lib/rails/rack/logger.rb:32:in `call_app'
/Users/Louie/.rvm/gems/ruby-2.0.0-p247/gems/railties-3.2.16/lib/rails/rack/logger.rb:16:in `block in call'
/Users/Louie/.rvm/gems/ruby-2.0.0-p247/gems/activesupport-3.2.16/lib/active_support/tagged_logging.rb:22:in `tagged'
/Users/Louie/.rvm/gems/ruby-2.0.0-p247/gems/railties-3.2.16/lib/rails/rack/logger.rb:16:in `call'
/Users/Louie/.rvm/gems/ruby-2.0.0-p247/gems/actionpack-3.2.16/lib/action_dispatch/middleware/request_id.rb:22:in `call'
/Users/Louie/.rvm/gems/ruby-2.0.0-p247/gems/rack-1.4.5/lib/rack/methodoverride.rb:21:in `call'
/Users/Louie/.rvm/gems/ruby-2.0.0-p247/gems/rack-1.4.5/lib/rack/runtime.rb:17:in `call'
/Users/Louie/.rvm/gems/ruby-2.0.0-p247/gems/activesupport-3.2.16/lib/active_support/cache/strategy/local_cache.rb:72:in `call'
/Users/Louie/.rvm/gems/ruby-2.0.0-p247/gems/rack-1.4.5/lib/rack/lock.rb:15:in `call'
/Users/Louie/.rvm/gems/ruby-2.0.0-p247/gems/actionpack-3.2.16/lib/action_dispatch/middleware/static.rb:63:in `call'
/Users/Louie/.rvm/gems/ruby-2.0.0-p247/gems/railties-3.2.16/lib/rails/engine.rb:484:in `call'
/Users/Louie/.rvm/gems/ruby-2.0.0-p247/gems/railties-3.2.16/lib/rails/application.rb:231:in `call'
/Users/Louie/.rvm/gems/ruby-2.0.0-p247/gems/rack-1.4.5/lib/rack/content_length.rb:14:in `call'
/Users/Louie/.rvm/gems/ruby-2.0.0-p247/gems/railties-3.2.16/lib/rails/rack/log_tailer.rb:17:in `call'
/Users/Louie/.rvm/gems/ruby-2.0.0-p247/gems/rack-1.4.5/lib/rack/handler/webrick.rb:59:in `service'
/Users/Louie/.rvm/rubies/ruby-2.0.0-p247/lib/ruby/2.0.0/webrick/httpserver.rb:138:in `service'
/Users/Louie/.rvm/rubies/ruby-2.0.0-p247/lib/ruby/2.0.0/webrick/httpserver.rb:94:in `run'
/Users/Louie/.rvm/rubies/ruby-2.0.0-p247/lib/ruby/2.0.0/webrick/server.rb:295:in `block in start_thread'
  Rendered users/new.erb within layouts/application (1.2ms)
Completed 500 Internal Server Error in 4.2ms

ActionView::Template::Error (/Users/Louie/Documents/Programming/JobSearch/app/views/users/new.erb:10: syntax error, unexpected keyword_end
');@output_buffer.append= ( end );@output_buffer.to_s
                               ^
/Users/Louie/Documents/Programming/JobSearch/app/views/users/new.erb:11: syntax error, unexpected keyword_ensure, expecting ')'
/Users/Louie/Documents/Programming/JobSearch/app/views/users/new.erb:13: syntax error, unexpected keyword_end, expecting ')'):
    7: Password: <%= f.password :password %>
    8: <%= f.submit %>
    9: 
    10: <%= end %>
  actionpack (3.2.16) lib/action_view/template.rb:297:in `module_eval'
  actionpack (3.2.16) lib/action_view/template.rb:297:in `compile'
  actionpack (3.2.16) lib/action_view/template.rb:244:in `block in compile!'
  actionpack (3.2.16) lib/action_view/template.rb:232:in `synchronize'
  actionpack (3.2.16) lib/action_view/template.rb:232:in `compile!'
  actionpack (3.2.16) lib/action_view/template.rb:144:in `block in render'
  activesupport (3.2.16) lib/active_support/notifications.rb:125:in `instrument'
  actionpack (3.2.16) lib/action_view/template.rb:143:in `render'
  actionpack (3.2.16) lib/action_view/renderer/template_renderer.rb:47:in `block (2 levels) in render_template'
  actionpack (3.2.16) lib/action_view/renderer/abstract_renderer.rb:38:in `block in instrument'
  activesupport (3.2.16) lib/active_support/notifications.rb:123:in `block in instrument'
  activesupport (3.2.16) lib/active_support/notifications/instrumenter.rb:20:in `instrument'
  activesupport (3.2.16) lib/active_support/notifications.rb:123:in `instrument'
  actionpack (3.2.16) lib/action_view/renderer/abstract_renderer.rb:38:in `instrument'
  actionpack (3.2.16) lib/action_view/renderer/template_renderer.rb:46:in `block in render_template'
  actionpack (3.2.16) lib/action_view/renderer/template_renderer.rb:54:in `render_with_layout'
  actionpack (3.2.16) lib/action_view/renderer/template_renderer.rb:45:in `render_template'
  actionpack (3.2.16) lib/action_view/renderer/template_renderer.rb:18:in `render'
  actionpack (3.2.16) lib/action_view/renderer/renderer.rb:36:in `render_template'
  actionpack (3.2.16) lib/action_view/renderer/renderer.rb:17:in `render'
  actionpack (3.2.16) lib/abstract_controller/rendering.rb:110:in `_render_template'
  actionpack (3.2.16) lib/action_controller/metal/streaming.rb:225:in `_render_template'
  actionpack (3.2.16) lib/abstract_controller/rendering.rb:103:in `render_to_body'
  actionpack (3.2.16) lib/action_controller/metal/renderers.rb:28:in `render_to_body'
  actionpack (3.2.16) lib/action_controller/metal/compatibility.rb:50:in `render_to_body'
  actionpack (3.2.16) lib/abstract_controller/rendering.rb:88:in `render'
  actionpack (3.2.16) lib/action_controller/metal/rendering.rb:16:in `render'
  actionpack (3.2.16) lib/action_controller/metal/instrumentation.rb:40:in `block (2 levels) in render'
  activesupport (3.2.16) lib/active_support/core_ext/benchmark.rb:5:in `block in ms'
  /Users/Louie/.rvm/rubies/ruby-2.0.0-p247/lib/ruby/2.0.0/benchmark.rb:296:in `realtime'
  activesupport (3.2.16) lib/active_support/core_ext/benchmark.rb:5:in `ms'
  actionpack (3.2.16) lib/action_controller/metal/instrumentation.rb:40:in `block in render'
  actionpack (3.2.16) lib/action_controller/metal/instrumentation.rb:83:in `cleanup_view_runtime'
  activerecord (3.2.16) lib/active_record/railties/controller_runtime.rb:24:in `cleanup_view_runtime'
  actionpack (3.2.16) lib/action_controller/metal/instrumentation.rb:39:in `render'
  actionpack (3.2.16) lib/action_controller/metal/implicit_render.rb:10:in `default_render'
  actionpack (3.2.16) lib/action_controller/metal/implicit_render.rb:5:in `send_action'
  actionpack (3.2.16) lib/abstract_controller/base.rb:167:in `process_action'
  actionpack (3.2.16) lib/action_controller/metal/rendering.rb:10:in `process_action'
  actionpack (3.2.16) lib/abstract_controller/callbacks.rb:18:in `block in process_action'
  activesupport (3.2.16) lib/active_support/callbacks.rb:414:in `_run__135766228635321456__process_action__1469006993846093509__callbacks'
  activesupport (3.2.16) lib/active_support/callbacks.rb:405:in `__run_callback'
  activesupport (3.2.16) lib/active_support/callbacks.rb:385:in `_run_process_action_callbacks'
  activesupport (3.2.16) lib/active_support/callbacks.rb:81:in `run_callbacks'
  actionpack (3.2.16) lib/abstract_controller/callbacks.rb:17:in `process_action'
  actionpack (3.2.16) lib/action_controller/metal/rescue.rb:29:in `process_action'
  actionpack (3.2.16) lib/action_controller/metal/instrumentation.rb:30:in `block in process_action'
  activesupport (3.2.16) lib/active_support/notifications.rb:123:in `block in instrument'
  activesupport (3.2.16) lib/active_support/notifications/instrumenter.rb:20:in `instrument'
  activesupport (3.2.16) lib/active_support/notifications.rb:123:in `instrument'
  actionpack (3.2.16) lib/action_controller/metal/instrumentation.rb:29:in `process_action'
  actionpack (3.2.16) lib/action_controller/metal/params_wrapper.rb:207:in `process_action'
  activerecord (3.2.16) lib/active_record/railties/controller_runtime.rb:18:in `process_action'
  actionpack (3.2.16) lib/abstract_controller/base.rb:121:in `process'
  actionpack (3.2.16) lib/abstract_controller/rendering.rb:45:in `process'
  actionpack (3.2.16) lib/action_controller/metal.rb:203:in `dispatch'
  actionpack (3.2.16) lib/action_controller/metal/rack_delegation.rb:14:in `dispatch'
  actionpack (3.2.16) lib/action_controller/metal.rb:246:in `block in action'
  actionpack (3.2.16) lib/action_dispatch/routing/route_set.rb:73:in `call'
  actionpack (3.2.16) lib/action_dispatch/routing/route_set.rb:73:in `dispatch'
  actionpack (3.2.16) lib/action_dispatch/routing/route_set.rb:36:in `call'
  journey (1.0.4) lib/journey/router.rb:68:in `block in call'
  journey (1.0.4) lib/journey/router.rb:56:in `each'
  journey (1.0.4) lib/journey/router.rb:56:in `call'
  actionpack (3.2.16) lib/action_dispatch/routing/route_set.rb:608:in `call'
  actionpack (3.2.16) lib/action_dispatch/middleware/best_standards_support.rb:17:in `call'
  rack (1.4.5) lib/rack/etag.rb:23:in `call'
  rack (1.4.5) lib/rack/conditionalget.rb:25:in `call'
  actionpack (3.2.16) lib/action_dispatch/middleware/head.rb:14:in `call'
  actionpack (3.2.16) lib/action_dispatch/middleware/params_parser.rb:21:in `call'
  actionpack (3.2.16) lib/action_dispatch/middleware/flash.rb:242:in `call'
  rack (1.4.5) lib/rack/session/abstract/id.rb:210:in `context'
  rack (1.4.5) lib/rack/session/abstract/id.rb:205:in `call'
  actionpack (3.2.16) lib/action_dispatch/middleware/cookies.rb:341:in `call'
  activerecord (3.2.16) lib/active_record/query_cache.rb:64:in `call'
  activerecord (3.2.16) lib/active_record/connection_adapters/abstract/connection_pool.rb:479:in `call'
  actionpack (3.2.16) lib/action_dispatch/middleware/callbacks.rb:28:in `block in call'
  activesupport (3.2.16) lib/active_support/callbacks.rb:405:in `_run__2715931749160887960__call__4314029021716277728__callbacks'
  activesupport (3.2.16) lib/active_support/callbacks.rb:405:in `__run_callback'
  activesupport (3.2.16) lib/active_support/callbacks.rb:385:in `_run_call_callbacks'
  activesupport (3.2.16) lib/active_support/callbacks.rb:81:in `run_callbacks'
  actionpack (3.2.16) lib/action_dispatch/middleware/callbacks.rb:27:in `call'
  actionpack (3.2.16) lib/action_dispatch/middleware/reloader.rb:65:in `call'
  actionpack (3.2.16) lib/action_dispatch/middleware/remote_ip.rb:31:in `call'
  actionpack (3.2.16) lib/action_dispatch/middleware/debug_exceptions.rb:16:in `call'
  actionpack (3.2.16) lib/action_dispatch/middleware/show_exceptions.rb:56:in `call'
  railties (3.2.16) lib/rails/rack/logger.rb:32:in `call_app'
  railties (3.2.16) lib/rails/rack/logger.rb:16:in `block in call'
  activesupport (3.2.16) lib/active_support/tagged_logging.rb:22:in `tagged'
  railties (3.2.16) lib/rails/rack/logger.rb:16:in `call'
  actionpack (3.2.16) lib/action_dispatch/middleware/request_id.rb:22:in `call'
  rack (1.4.5) lib/rack/methodoverride.rb:21:in `call'
  rack (1.4.5) lib/rack/runtime.rb:17:in `call'
  activesupport (3.2.16) lib/active_support/cache/strategy/local_cache.rb:72:in `call'
  rack (1.4.5) lib/rack/lock.rb:15:in `call'
  actionpack (3.2.16) lib/action_dispatch/middleware/static.rb:63:in `call'
  railties (3.2.16) lib/rails/engine.rb:484:in `call'
  railties (3.2.16) lib/rails/application.rb:231:in `call'
  rack (1.4.5) lib/rack/content_length.rb:14:in `call'
  railties (3.2.16) lib/rails/rack/log_tailer.rb:17:in `call'
  rack (1.4.5) lib/rack/handler/webrick.rb:59:in `service'
  /Users/Louie/.rvm/rubies/ruby-2.0.0-p247/lib/ruby/2.0.0/webrick/httpserver.rb:138:in `service'
  /Users/Louie/.rvm/rubies/ruby-2.0.0-p247/lib/ruby/2.0.0/webrick/httpserver.rb:94:in `run'
  /Users/Louie/.rvm/rubies/ruby-2.0.0-p247/lib/ruby/2.0.0/webrick/server.rb:295:in `block in start_thread'


  Rendered /Users/Louie/.rvm/gems/ruby-2.0.0-p247/gems/actionpack-3.2.16/lib/action_dispatch/middleware/templates/rescues/_trace.erb (2.2ms)
  Rendered /Users/Louie/.rvm/gems/ruby-2.0.0-p247/gems/actionpack-3.2.16/lib/action_dispatch/middleware/templates/rescues/_request_and_response.erb (1.0ms)
  Rendered /Users/Louie/.rvm/gems/ruby-2.0.0-p247/gems/actionpack-3.2.16/lib/action_dispatch/middleware/templates/rescues/template_error.erb within rescues/layout (9.7ms)


Started GET "/users/new" for 127.0.0.1 at 2014-02-04 16:10:46 -0800
Processing by UsersController#new as HTML
  Rendered users/new.erb within layouts/application (9.6ms)
Completed 500 Internal Server Error in 12.0ms

ActionView::Template::Error (undefined method `password' for #<ActionView::Helpers::FormBuilder:0x007ffb0cba87b8>):
    4: Email: <%= f.text_field :email %>
    5: First name: <%= f.text_field :first_name %>
    6: Last name: <%= f.text_field :last_name %>
    7: Password: <%= f.password :password %>
    8: <%= f.submit %>
    9: 
    10: <% end %>
  app/views/users/new.erb:7:in `block in _app_views_users_new_erb__2499867676278352730_70358112554060'
  app/views/users/new.erb:1:in `_app_views_users_new_erb__2499867676278352730_70358112554060'


  Rendered /Users/Louie/.rvm/gems/ruby-2.0.0-p247/gems/actionpack-3.2.16/lib/action_dispatch/middleware/templates/rescues/_trace.erb (2.4ms)
  Rendered /Users/Louie/.rvm/gems/ruby-2.0.0-p247/gems/actionpack-3.2.16/lib/action_dispatch/middleware/templates/rescues/_request_and_response.erb (1.0ms)
  Rendered /Users/Louie/.rvm/gems/ruby-2.0.0-p247/gems/actionpack-3.2.16/lib/action_dispatch/middleware/templates/rescues/template_error.erb within rescues/layout (11.5ms)
Connecting to database specified by database.yml


Started GET "/users/new" for 127.0.0.1 at 2014-02-04 16:11:32 -0800
Processing by UsersController#new as HTML
  Rendered users/new.erb within layouts/application (6.8ms)
Compiled application.css  (0ms)  (pid 18133)
Compiled jquery.js  (4ms)  (pid 18133)
Compiled jquery_ujs.js  (0ms)  (pid 18133)
Compiled application.js  (46ms)  (pid 18133)
Completed 200 OK in 75.5ms (Views: 74.9ms | ActiveRecord: 0.0ms)


Started GET "/assets/application.css?body=1" for 127.0.0.1 at 2014-02-04 16:11:33 -0800
Served asset /application.css - 200 OK (2ms)


Started GET "/assets/jquery_ujs.js?body=1" for 127.0.0.1 at 2014-02-04 16:11:33 -0800
Served asset /jquery_ujs.js - 200 OK (1ms)


Started GET "/assets/jquery.js?body=1" for 127.0.0.1 at 2014-02-04 16:11:33 -0800
Served asset /jquery.js - 200 OK (2ms)


Started GET "/assets/application.js?body=1" for 127.0.0.1 at 2014-02-04 16:11:33 -0800
Served asset /application.js - 200 OK (5ms)


Started GET "/users/new" for 127.0.0.1 at 2014-02-04 16:12:17 -0800
Processing by UsersController#new as HTML
  Rendered users/new.erb within layouts/application (2.0ms)
Completed 200 OK in 5.7ms (Views: 5.5ms | ActiveRecord: 0.0ms)


Started GET "/assets/jquery.js?body=1" for 127.0.0.1 at 2014-02-04 16:12:17 -0800
Served asset /jquery.js - 200 OK (0ms)


Started GET "/assets/application.css?body=1" for 127.0.0.1 at 2014-02-04 16:12:17 -0800
Served asset /application.css - 200 OK (0ms)


Started GET "/assets/jquery_ujs.js?body=1" for 127.0.0.1 at 2014-02-04 16:12:17 -0800
Served asset /jquery_ujs.js - 200 OK (0ms)


Started GET "/assets/application.js?body=1" for 127.0.0.1 at 2014-02-04 16:12:17 -0800
Served asset /application.js - 200 OK (0ms)
Connecting to database specified by database.yml


Started GET "/users/new" for 127.0.0.1 at 2014-02-04 16:16:20 -0800
Processing by UsersController#new as HTML
  Rendered users/new.erb within layouts/application (2.5ms)
Completed 200 OK in 15.4ms (Views: 6.4ms | ActiveRecord: 2.5ms)


Started GET "/assets/application.css?body=1" for 127.0.0.1 at 2014-02-04 16:16:20 -0800
Served asset /application.css - 200 OK (0ms)


Started GET "/assets/application.js?body=1" for 127.0.0.1 at 2014-02-04 16:16:20 -0800
Served asset /application.js - 200 OK (0ms)


Started GET "/assets/jquery.js?body=1" for 127.0.0.1 at 2014-02-04 16:16:20 -0800
Served asset /jquery.js - 200 OK (0ms)


Started GET "/assets/jquery_ujs.js?body=1" for 127.0.0.1 at 2014-02-04 16:16:20 -0800
Served asset /jquery_ujs.js - 200 OK (0ms)


Started POST "/users" for 127.0.0.1 at 2014-02-04 16:16:45 -0800
Processing by UsersController#create as HTML
  Parameters: {"utf8"=>"✓", "authenticity_token"=>"49JXYM8Ry6UwhWy2/9sOvX3w91hCzlhiRtAZs0ZdPGE=", "user"=>{"username"=>"test1", "email"=>"test1@gmail.com", "first_name"=>"test", "last_name"=>"test", "password"=>"[FILTERED]", "password_confirmation"=>"[FILTERED]"}, "commit"=>"Register!"}
  [1m[36m (0.2ms)[0m  [1mBEGIN[0m
  [1m[35mUser Exists (2.1ms)[0m  SELECT 1 AS one FROM "users" WHERE "users"."email" = 'test1@gmail.com' LIMIT 1
  [1m[36mUser Exists (0.7ms)[0m  [1mSELECT 1 AS one FROM "users" WHERE "users"."username" = 'test1' LIMIT 1[0m
  [1m[35mSQL (1.7ms)[0m  INSERT INTO "users" ("email", "first_name", "last_name", "password_digest", "username") VALUES ($1, $2, $3, $4, $5) RETURNING "id"  [["email", "test1@gmail.com"], ["first_name", "test"], ["last_name", "test"], ["password_digest", "$2a$10$Q0uB5U0QwkYQNMCt25Qfru9qRfvf/ev7GqjnA0ZtNkZMM/FcnDqO."], ["username", "test1"]]
  [1m[36m (0.3ms)[0m  [1mCOMMIT[0m
  Rendered users/index.erb within layouts/application (0.3ms)
Completed 200 OK in 120.1ms (Views: 4.6ms | ActiveRecord: 5.2ms)


Started GET "/assets/jquery.js?body=1" for 127.0.0.1 at 2014-02-04 16:16:45 -0800
Served asset /jquery.js - 304 Not Modified (0ms)
Connecting to database specified by database.yml
